<?xml version="1.0" encoding="UTF-8"?>
<!-- Generated by org.testng.reporters.JUnitReportReporter -->
<testsuite hostname="LAPTOP-A35M3Q06" failures="0" tests="1" name="TestRunner.GraphDS_runner" time="7.574" errors="0" timestamp="2022-10-11T12:46:53 EDT" skipped="0">
  <testcase classname="TestRunner.GraphDS_runner" name="runScenario" time="7.574"/>
  <system-out/>
</testsuite> <!-- TestRunner.GraphDS_runner -->
