<?xml version="1.0" encoding="UTF-8"?>
<!-- Generated by org.testng.reporters.JUnitReportReporter -->
<testsuite hostname="LAPTOP-A35M3Q06" failures="0" tests="2" name="TestRunner.Login_runner" time="8.034" errors="0" timestamp="2022-10-12T12:38:30 EDT" skipped="0">
  <testcase classname="TestRunner.Login_runner" name="runScenario" time="4.909"/>
  <system-out/>
  <testcase classname="TestRunner.Login_runner" name="runScenario" time="3.125"/>
  <system-out/>
</testsuite> <!-- TestRunner.Login_runner -->
