<?xml version="1.0" encoding="UTF-8"?>
<!-- Generated by org.testng.reporters.JUnitReportReporter -->
<testsuite hostname="LAPTOP-A35M3Q06" failures="0" tests="1" name="TestRunner.TreeDS_runner" time="8.222" errors="0" timestamp="2022-10-10T17:11:03 EDT" skipped="0">
  <testcase classname="TestRunner.TreeDS_runner" name="runScenario" time="8.222"/>
  <system-out/>
</testsuite> <!-- TestRunner.TreeDS_runner -->
