<?xml version="1.0" encoding="UTF-8"?>
<!-- Generated by org.testng.reporters.JUnitReportReporter -->
<testsuite hostname="Pandya" failures="0" tests="6" name="TestRunner.TestRunner" time="63.465" errors="0" timestamp="2022-10-18T14:03:44 EDT" skipped="0">
  <testcase classname="TestRunner.TestRunner" name="runScenario" time="2.107"/>
  <system-out/>
  <testcase classname="TestRunner.TestRunner" name="runScenario" time="43.221"/>
  <system-out/>
  <testcase classname="TestRunner.TestRunner" name="runScenario" time="2.212"/>
  <system-out/>
  <testcase classname="TestRunner.TestRunner" name="runScenario" time="2.688"/>
  <system-out/>
  <testcase classname="TestRunner.TestRunner" name="runScenario" time="2.115"/>
  <system-out/>
  <testcase classname="TestRunner.TestRunner" name="runScenario" time="11.122"/>
  <system-out/>
</testsuite> <!-- TestRunner.TestRunner -->
